<?xml version="1.0" encoding="UTF-8"?>
<!-- Generated by org.testng.reporters.JUnitXMLReporter -->
<testsuite ignored="0" hostname="Unni" failures="0" tests="3" name="Default test" time="59.663" errors="0" timestamp="12 Dec 2022 01:28:38 GMT">
  <testcase classname="test.AddCategoryTest" name="validUsershouldAbleToAddCategory" time="4.661"/>
  <testcase classname="test.AddCategoryTest" name="validUsershouldnotAbleToAddCategory" time="0.823"/>
  <testcase classname="test.AddCategoryTest" name="validateMpnthDropDown" time="0.809"/>
</testsuite> <!-- Default test -->
